{"/home/michael/repos/invest-me/server/app.js": {"path":"/home/michael/repos/invest-me/server/app.js","statementMap":{"0":{"start":{"line":1,"column":16},"end":{"line":1,"column":34}},"1":{"start":{"line":2,"column":12},"end":{"line":2,"column":21}},"2":{"start":{"line":3,"column":13},"end":{"line":3,"column":28}},"3":{"start":{"line":4,"column":11},"end":{"line":4,"column":26}},"4":{"start":{"line":7,"column":0},"end":{"line":7,"column":15}},"5":{"start":{"line":8,"column":0},"end":{"line":8,"column":41}},"6":{"start":{"line":10,"column":0},"end":{"line":10,"column":40}},"7":{"start":{"line":12,"column":0},"end":{"line":12,"column":34}},"8":{"start":{"line":14,"column":0},"end":{"line":14,"column":60}},"9":{"start":{"line":16,"column":0},"end":{"line":16,"column":21}}},"fnMap":{},"branchMap":{},"s":{"0":2,"1":2,"2":2,"3":2,"4":2,"5":2,"6":2,"7":2,"8":2,"9":2},"f":{},"b":{},"_coverageSchema":"1a1c01bbd47fc00a2c39e90264f33305004495a9","hash":"b84f3d349d3b2bfdd2d3338d3a6c21435da4371f"}
,"/home/michael/repos/invest-me/server/api/index.js": {"path":"/home/michael/repos/invest-me/server/api/index.js","statementMap":{"0":{"start":{"line":1,"column":12},"end":{"line":1,"column":39}},"1":{"start":{"line":3,"column":0},"end":{"line":3,"column":32}},"2":{"start":{"line":5,"column":0},"end":{"line":5,"column":21}}},"fnMap":{},"branchMap":{},"s":{"0":2,"1":2,"2":2},"f":{},"b":{},"_coverageSchema":"1a1c01bbd47fc00a2c39e90264f33305004495a9","hash":"b6da7724766ed51b64a44e357bda4a96fd55713e"}
,"/home/michael/repos/invest-me/server/api/v1/auth.js": {"path":"/home/michael/repos/invest-me/server/api/v1/auth.js","statementMap":{"0":{"start":{"line":1,"column":15},"end":{"line":1,"column":42}},"1":{"start":{"line":2,"column":48},"end":{"line":2,"column":71}},"2":{"start":{"line":3,"column":15},"end":{"line":3,"column":34}},"3":{"start":{"line":4,"column":31},"end":{"line":4,"column":54}},"4":{"start":{"line":5,"column":12},"end":{"line":5,"column":35}},"5":{"start":{"line":6,"column":20},"end":{"line":6,"column":58}},"6":{"start":{"line":7,"column":0},"end":{"line":7,"column":27}},"7":{"start":{"line":10,"column":2},"end":{"line":10,"column":79}},"8":{"start":{"line":13,"column":0},"end":{"line":27,"column":3}},"9":{"start":{"line":14,"column":2},"end":{"line":26,"column":3}},"10":{"start":{"line":15,"column":19},"end":{"line":19,"column":6}},"11":{"start":{"line":20,"column":4},"end":{"line":21,"column":76}},"12":{"start":{"line":21,"column":6},"end":{"line":21,"column":76}},"13":{"start":{"line":22,"column":4},"end":{"line":22,"column":58}},"14":{"start":{"line":24,"column":4},"end":{"line":24,"column":33}},"15":{"start":{"line":25,"column":4},"end":{"line":25,"column":64}},"16":{"start":{"line":29,"column":0},"end":{"line":31,"column":3}},"17":{"start":{"line":30,"column":2},"end":{"line":30,"column":28}},"18":{"start":{"line":33,"column":0},"end":{"line":62,"column":3}},"19":{"start":{"line":34,"column":2},"end":{"line":61,"column":3}},"20":{"start":{"line":35,"column":25},"end":{"line":35,"column":39}},"21":{"start":{"line":36,"column":30},"end":{"line":40,"column":6}},"22":{"start":{"line":41,"column":4},"end":{"line":42,"column":72}},"23":{"start":{"line":42,"column":6},"end":{"line":42,"column":72}},"24":{"start":{"line":43,"column":4},"end":{"line":57,"column":6}},"25":{"start":{"line":47,"column":8},"end":{"line":50,"column":9}},"26":{"start":{"line":48,"column":10},"end":{"line":48,"column":39}},"27":{"start":{"line":49,"column":10},"end":{"line":49,"column":76}},"28":{"start":{"line":51,"column":8},"end":{"line":51,"column":27}},"29":{"start":{"line":52,"column":8},"end":{"line":52,"column":27}},"30":{"start":{"line":53,"column":22},"end":{"line":53,"column":44}},"31":{"start":{"line":54,"column":8},"end":{"line":54,"column":41}},"32":{"start":{"line":55,"column":8},"end":{"line":55,"column":47}},"33":{"start":{"line":59,"column":4},"end":{"line":59,"column":33}},"34":{"start":{"line":60,"column":4},"end":{"line":60,"column":64}},"35":{"start":{"line":64,"column":0},"end":{"line":128,"column":3}},"36":{"start":{"line":65,"column":2},"end":{"line":127,"column":3}},"37":{"start":{"line":66,"column":23},"end":{"line":66,"column":48}},"38":{"start":{"line":67,"column":4},"end":{"line":69,"column":5}},"39":{"start":{"line":68,"column":6},"end":{"line":68,"column":82}},"40":{"start":{"line":70,"column":18},"end":{"line":74,"column":6}},"41":{"start":{"line":75,"column":4},"end":{"line":77,"column":5}},"42":{"start":{"line":76,"column":6},"end":{"line":76,"column":67}},"43":{"start":{"line":78,"column":19},"end":{"line":85,"column":6}},"44":{"start":{"line":86,"column":22},"end":{"line":86,"column":78}},"45":{"start":{"line":87,"column":4},"end":{"line":123,"column":5}},"46":{"start":{"line":88,"column":6},"end":{"line":88,"column":66}},"47":{"start":{"line":90,"column":27},"end":{"line":90,"column":71}},"48":{"start":{"line":91,"column":20},"end":{"line":91,"column":47}},"49":{"start":{"line":92,"column":27},"end":{"line":95,"column":7}},"50":{"start":{"line":96,"column":27},"end":{"line":100,"column":8}},"51":{"start":{"line":102,"column":6},"end":{"line":116,"column":7}},"52":{"start":{"line":103,"column":8},"end":{"line":106,"column":11}},"53":{"start":{"line":108,"column":8},"end":{"line":115,"column":10}},"54":{"start":{"line":118,"column":6},"end":{"line":118,"column":39}},"55":{"start":{"line":119,"column":6},"end":{"line":119,"column":47}},"56":{"start":{"line":120,"column":6},"end":{"line":120,"column":46}},"57":{"start":{"line":121,"column":6},"end":{"line":121,"column":38}},"58":{"start":{"line":122,"column":6},"end":{"line":122,"column":65}},"59":{"start":{"line":125,"column":4},"end":{"line":125,"column":21}},"60":{"start":{"line":126,"column":4},"end":{"line":126,"column":30}},"61":{"start":{"line":130,"column":0},"end":{"line":169,"column":3}},"62":{"start":{"line":131,"column":2},"end":{"line":168,"column":3}},"63":{"start":{"line":132,"column":23},"end":{"line":132,"column":51}},"64":{"start":{"line":133,"column":4},"end":{"line":135,"column":5}},"65":{"start":{"line":134,"column":6},"end":{"line":134,"column":82}},"66":{"start":{"line":136,"column":23},"end":{"line":140,"column":6}},"67":{"start":{"line":141,"column":4},"end":{"line":143,"column":5}},"68":{"start":{"line":142,"column":6},"end":{"line":142,"column":71}},"69":{"start":{"line":144,"column":26},"end":{"line":148,"column":6}},"70":{"start":{"line":149,"column":4},"end":{"line":151,"column":5}},"71":{"start":{"line":150,"column":6},"end":{"line":150,"column":71}},"72":{"start":{"line":153,"column":17},"end":{"line":153,"column":41}},"73":{"start":{"line":154,"column":27},"end":{"line":154,"column":69}},"74":{"start":{"line":155,"column":21},"end":{"line":163,"column":6}},"75":{"start":{"line":164,"column":4},"end":{"line":164,"column":49}},"76":{"start":{"line":166,"column":4},"end":{"line":166,"column":21}},"77":{"start":{"line":167,"column":4},"end":{"line":167,"column":30}},"78":{"start":{"line":171,"column":0},"end":{"line":171,"column":24}}},"fnMap":{"0":{"name":"generateToken","decl":{"start":{"line":9,"column":9},"end":{"line":9,"column":22}},"loc":{"start":{"line":9,"column":29},"end":{"line":11,"column":1}},"line":9},"1":{"name":"(anonymous_1)","decl":{"start":{"line":13,"column":23},"end":{"line":13,"column":24}},"loc":{"start":{"line":13,"column":43},"end":{"line":27,"column":1}},"line":13},"2":{"name":"(anonymous_2)","decl":{"start":{"line":29,"column":43},"end":{"line":29,"column":44}},"loc":{"start":{"line":29,"column":57},"end":{"line":31,"column":1}},"line":29},"3":{"name":"(anonymous_3)","decl":{"start":{"line":33,"column":22},"end":{"line":33,"column":23}},"loc":{"start":{"line":33,"column":42},"end":{"line":62,"column":1}},"line":33},"4":{"name":"(anonymous_4)","decl":{"start":{"line":46,"column":6},"end":{"line":46,"column":7}},"loc":{"start":{"line":46,"column":26},"end":{"line":56,"column":7}},"line":46},"5":{"name":"(anonymous_5)","decl":{"start":{"line":64,"column":22},"end":{"line":64,"column":23}},"loc":{"start":{"line":64,"column":48},"end":{"line":128,"column":1}},"line":64},"6":{"name":"(anonymous_6)","decl":{"start":{"line":130,"column":25},"end":{"line":130,"column":26}},"loc":{"start":{"line":130,"column":51},"end":{"line":169,"column":1}},"line":130}},"branchMap":{"0":{"loc":{"start":{"line":20,"column":4},"end":{"line":21,"column":76}},"type":"if","locations":[{"start":{"line":20,"column":4},"end":{"line":21,"column":76}},{"start":{"line":20,"column":4},"end":{"line":21,"column":76}}],"line":20},"1":{"loc":{"start":{"line":41,"column":4},"end":{"line":42,"column":72}},"type":"if","locations":[{"start":{"line":41,"column":4},"end":{"line":42,"column":72}},{"start":{"line":41,"column":4},"end":{"line":42,"column":72}}],"line":41},"2":{"loc":{"start":{"line":47,"column":8},"end":{"line":50,"column":9}},"type":"if","locations":[{"start":{"line":47,"column":8},"end":{"line":50,"column":9}},{"start":{"line":47,"column":8},"end":{"line":50,"column":9}}],"line":47},"3":{"loc":{"start":{"line":67,"column":4},"end":{"line":69,"column":5}},"type":"if","locations":[{"start":{"line":67,"column":4},"end":{"line":69,"column":5}},{"start":{"line":67,"column":4},"end":{"line":69,"column":5}}],"line":67},"4":{"loc":{"start":{"line":75,"column":4},"end":{"line":77,"column":5}},"type":"if","locations":[{"start":{"line":75,"column":4},"end":{"line":77,"column":5}},{"start":{"line":75,"column":4},"end":{"line":77,"column":5}}],"line":75},"5":{"loc":{"start":{"line":87,"column":4},"end":{"line":123,"column":5}},"type":"if","locations":[{"start":{"line":87,"column":4},"end":{"line":123,"column":5}},{"start":{"line":87,"column":4},"end":{"line":123,"column":5}}],"line":87},"6":{"loc":{"start":{"line":102,"column":6},"end":{"line":116,"column":7}},"type":"if","locations":[{"start":{"line":102,"column":6},"end":{"line":116,"column":7}},{"start":{"line":102,"column":6},"end":{"line":116,"column":7}}],"line":102},"7":{"loc":{"start":{"line":133,"column":4},"end":{"line":135,"column":5}},"type":"if","locations":[{"start":{"line":133,"column":4},"end":{"line":135,"column":5}},{"start":{"line":133,"column":4},"end":{"line":135,"column":5}}],"line":133},"8":{"loc":{"start":{"line":141,"column":4},"end":{"line":143,"column":5}},"type":"if","locations":[{"start":{"line":141,"column":4},"end":{"line":143,"column":5}},{"start":{"line":141,"column":4},"end":{"line":143,"column":5}}],"line":141},"9":{"loc":{"start":{"line":149,"column":4},"end":{"line":151,"column":5}},"type":"if","locations":[{"start":{"line":149,"column":4},"end":{"line":151,"column":5}},{"start":{"line":149,"column":4},"end":{"line":151,"column":5}}],"line":149},"10":{"loc":{"start":{"line":162,"column":18},"end":{"line":162,"column":68}},"type":"cond-expr","locations":[{"start":{"line":162,"column":52},"end":{"line":162,"column":59}},{"start":{"line":162,"column":62},"end":{"line":162,"column":68}}],"line":162}},"s":{"0":2,"1":2,"2":2,"3":2,"4":2,"5":2,"6":2,"7":4,"8":2,"9":1,"10":1,"11":1,"12":0,"13":1,"14":0,"15":0,"16":2,"17":1,"18":2,"19":1,"20":1,"21":1,"22":1,"23":0,"24":1,"25":1,"26":0,"27":0,"28":1,"29":1,"30":1,"31":1,"32":1,"33":0,"34":0,"35":2,"36":4,"37":4,"38":4,"39":0,"40":4,"41":4,"42":1,"43":3,"44":3,"45":3,"46":0,"47":3,"48":3,"49":3,"50":3,"51":3,"52":1,"53":2,"54":3,"55":3,"56":3,"57":3,"58":3,"59":0,"60":0,"61":2,"62":4,"63":4,"64":4,"65":1,"66":3,"67":3,"68":1,"69":2,"70":2,"71":1,"72":1,"73":1,"74":1,"75":1,"76":0,"77":0,"78":2},"f":{"0":4,"1":1,"2":1,"3":1,"4":1,"5":4,"6":4},"b":{"0":[0,1],"1":[0,1],"2":[0,1],"3":[0,4],"4":[1,3],"5":[0,3],"6":[1,2],"7":[1,3],"8":[1,2],"9":[1,1],"10":[0,1]},"_coverageSchema":"1a1c01bbd47fc00a2c39e90264f33305004495a9","hash":"4ba6284bbca58dcba84c79fbcf96cd935efdcccd"}
,"/home/michael/repos/invest-me/server/api/v1/index.js": {"path":"/home/michael/repos/invest-me/server/api/v1/index.js","statementMap":{"0":{"start":{"line":1,"column":17},"end":{"line":1,"column":44}},"1":{"start":{"line":2,"column":12},"end":{"line":2,"column":35}},"2":{"start":{"line":3,"column":20},"end":{"line":3,"column":58}},"3":{"start":{"line":4,"column":0},"end":{"line":4,"column":26}},"4":{"start":{"line":6,"column":24},"end":{"line":8,"column":1}},"5":{"start":{"line":7,"column":2},"end":{"line":7,"column":54}},"6":{"start":{"line":22,"column":0},"end":{"line":22,"column":41}},"7":{"start":{"line":23,"column":0},"end":{"line":23,"column":57}},"8":{"start":{"line":24,"column":0},"end":{"line":24,"column":69}},"9":{"start":{"line":26,"column":0},"end":{"line":26,"column":30}},"10":{"start":{"line":28,"column":0},"end":{"line":28,"column":26}}},"fnMap":{"0":{"name":"(anonymous_0)","decl":{"start":{"line":6,"column":24},"end":{"line":6,"column":25}},"loc":{"start":{"line":6,"column":38},"end":{"line":8,"column":1}},"line":6}},"branchMap":{},"s":{"0":2,"1":2,"2":2,"3":2,"4":2,"5":0,"6":2,"7":2,"8":2,"9":2,"10":2},"f":{"0":0},"b":{},"_coverageSchema":"1a1c01bbd47fc00a2c39e90264f33305004495a9","hash":"802641be8596d0e6f8a1b0e0c26aeecd8270b12b"}
,"/home/michael/repos/invest-me/server/api/v1/stocks.js": {"path":"/home/michael/repos/invest-me/server/api/v1/stocks.js","statementMap":{"0":{"start":{"line":1,"column":14},"end":{"line":1,"column":30}},"1":{"start":{"line":2,"column":15},"end":{"line":2,"column":42}},"2":{"start":{"line":3,"column":46},"end":{"line":3,"column":69}},"3":{"start":{"line":4,"column":15},"end":{"line":4,"column":35}},"4":{"start":{"line":6,"column":0},"end":{"line":17,"column":3}},"5":{"start":{"line":7,"column":2},"end":{"line":16,"column":3}},"6":{"start":{"line":9,"column":23},"end":{"line":9,"column":62}},"7":{"start":{"line":10,"column":4},"end":{"line":10,"column":41}},"8":{"start":{"line":12,"column":4},"end":{"line":12,"column":21}},"9":{"start":{"line":13,"column":4},"end":{"line":15,"column":7}},"10":{"start":{"line":19,"column":0},"end":{"line":29,"column":3}},"11":{"start":{"line":20,"column":2},"end":{"line":28,"column":3}},"12":{"start":{"line":21,"column":21},"end":{"line":21,"column":73}},"13":{"start":{"line":22,"column":4},"end":{"line":22,"column":60}},"14":{"start":{"line":23,"column":4},"end":{"line":23,"column":33}},"15":{"start":{"line":24,"column":4},"end":{"line":24,"column":40}},"16":{"start":{"line":25,"column":4},"end":{"line":25,"column":39}},"17":{"start":{"line":27,"column":4},"end":{"line":27,"column":21}},"18":{"start":{"line":31,"column":0},"end":{"line":46,"column":3}},"19":{"start":{"line":32,"column":2},"end":{"line":32,"column":27}},"20":{"start":{"line":33,"column":2},"end":{"line":45,"column":3}},"21":{"start":{"line":34,"column":17},"end":{"line":41,"column":6}},"22":{"start":{"line":42,"column":4},"end":{"line":42,"column":19}},"23":{"start":{"line":44,"column":4},"end":{"line":44,"column":21}},"24":{"start":{"line":48,"column":0},"end":{"line":55,"column":3}},"25":{"start":{"line":49,"column":2},"end":{"line":54,"column":3}},"26":{"start":{"line":50,"column":17},"end":{"line":50,"column":47}},"27":{"start":{"line":51,"column":4},"end":{"line":51,"column":19}},"28":{"start":{"line":53,"column":4},"end":{"line":53,"column":21}},"29":{"start":{"line":57,"column":0},"end":{"line":64,"column":3}},"30":{"start":{"line":58,"column":2},"end":{"line":63,"column":3}},"31":{"start":{"line":59,"column":17},"end":{"line":59,"column":38}},"32":{"start":{"line":60,"column":4},"end":{"line":60,"column":19}},"33":{"start":{"line":62,"column":4},"end":{"line":62,"column":21}},"34":{"start":{"line":66,"column":0},"end":{"line":82,"column":3}},"35":{"start":{"line":67,"column":2},"end":{"line":81,"column":3}},"36":{"start":{"line":68,"column":17},"end":{"line":68,"column":56}},"37":{"start":{"line":69,"column":21},"end":{"line":77,"column":5}},"38":{"start":{"line":71,"column":8},"end":{"line":76,"column":29}},"39":{"start":{"line":78,"column":4},"end":{"line":78,"column":23}},"40":{"start":{"line":80,"column":4},"end":{"line":80,"column":21}},"41":{"start":{"line":84,"column":0},"end":{"line":115,"column":3}},"42":{"start":{"line":85,"column":2},"end":{"line":114,"column":3}},"43":{"start":{"line":86,"column":17},"end":{"line":86,"column":28}},"44":{"start":{"line":87,"column":21},"end":{"line":89,"column":5}},"45":{"start":{"line":90,"column":20},"end":{"line":94,"column":6}},"46":{"start":{"line":95,"column":18},"end":{"line":110,"column":6}},"47":{"start":{"line":111,"column":4},"end":{"line":111,"column":20}},"48":{"start":{"line":113,"column":4},"end":{"line":113,"column":21}},"49":{"start":{"line":117,"column":0},"end":{"line":117,"column":24}}},"fnMap":{"0":{"name":"(anonymous_0)","decl":{"start":{"line":6,"column":25},"end":{"line":6,"column":26}},"loc":{"start":{"line":6,"column":45},"end":{"line":17,"column":1}},"line":6},"1":{"name":"(anonymous_1)","decl":{"start":{"line":19,"column":28},"end":{"line":19,"column":29}},"loc":{"start":{"line":19,"column":48},"end":{"line":29,"column":1}},"line":19},"2":{"name":"(anonymous_2)","decl":{"start":{"line":31,"column":22},"end":{"line":31,"column":23}},"loc":{"start":{"line":31,"column":42},"end":{"line":46,"column":1}},"line":31},"3":{"name":"(anonymous_3)","decl":{"start":{"line":48,"column":19},"end":{"line":48,"column":20}},"loc":{"start":{"line":48,"column":39},"end":{"line":55,"column":1}},"line":48},"4":{"name":"(anonymous_4)","decl":{"start":{"line":57,"column":27},"end":{"line":57,"column":28}},"loc":{"start":{"line":57,"column":47},"end":{"line":64,"column":1}},"line":57},"5":{"name":"(anonymous_5)","decl":{"start":{"line":66,"column":23},"end":{"line":66,"column":24}},"loc":{"start":{"line":66,"column":43},"end":{"line":82,"column":1}},"line":66},"6":{"name":"(anonymous_6)","decl":{"start":{"line":70,"column":6},"end":{"line":70,"column":7}},"loc":{"start":{"line":71,"column":8},"end":{"line":76,"column":29}},"line":71},"7":{"name":"(anonymous_7)","decl":{"start":{"line":84,"column":30},"end":{"line":84,"column":31}},"loc":{"start":{"line":84,"column":50},"end":{"line":115,"column":1}},"line":84}},"branchMap":{"0":{"loc":{"start":{"line":71,"column":8},"end":{"line":76,"column":29}},"type":"binary-expr","locations":[{"start":{"line":71,"column":8},"end":{"line":71,"column":20}},{"start":{"line":72,"column":8},"end":{"line":72,"column":27}},{"start":{"line":73,"column":8},"end":{"line":73,"column":27}},{"start":{"line":74,"column":8},"end":{"line":74,"column":23}},{"start":{"line":75,"column":8},"end":{"line":75,"column":24}},{"start":{"line":76,"column":8},"end":{"line":76,"column":29}}],"line":71}},"s":{"0":2,"1":2,"2":2,"3":2,"4":2,"5":0,"6":0,"7":0,"8":0,"9":0,"10":2,"11":0,"12":0,"13":0,"14":0,"15":0,"16":0,"17":0,"18":2,"19":0,"20":0,"21":0,"22":0,"23":0,"24":2,"25":0,"26":0,"27":0,"28":0,"29":2,"30":0,"31":0,"32":0,"33":0,"34":2,"35":0,"36":0,"37":0,"38":0,"39":0,"40":0,"41":2,"42":0,"43":0,"44":0,"45":0,"46":0,"47":0,"48":0,"49":2},"f":{"0":0,"1":0,"2":0,"3":0,"4":0,"5":0,"6":0,"7":0},"b":{"0":[0,0,0,0,0,0]},"_coverageSchema":"1a1c01bbd47fc00a2c39e90264f33305004495a9","hash":"2197e12c89a1541524907764121da7e0d2f14618"}
,"/home/michael/repos/invest-me/server/api/v1/transactions.js": {"path":"/home/michael/repos/invest-me/server/api/v1/transactions.js","statementMap":{"0":{"start":{"line":1,"column":15},"end":{"line":1,"column":42}},"1":{"start":{"line":2,"column":46},"end":{"line":2,"column":69}},"2":{"start":{"line":3,"column":15},"end":{"line":3,"column":34}},"3":{"start":{"line":4,"column":18},"end":{"line":4,"column":38}},"4":{"start":{"line":5,"column":23},"end":{"line":5,"column":43}},"5":{"start":{"line":7,"column":0},"end":{"line":18,"column":3}},"6":{"start":{"line":8,"column":2},"end":{"line":17,"column":3}},"7":{"start":{"line":9,"column":22},"end":{"line":13,"column":6}},"8":{"start":{"line":14,"column":4},"end":{"line":14,"column":24}},"9":{"start":{"line":16,"column":4},"end":{"line":16,"column":26}},"10":{"start":{"line":20,"column":0},"end":{"line":31,"column":3}},"11":{"start":{"line":21,"column":2},"end":{"line":30,"column":3}},"12":{"start":{"line":22,"column":22},"end":{"line":26,"column":6}},"13":{"start":{"line":27,"column":4},"end":{"line":27,"column":24}},"14":{"start":{"line":29,"column":4},"end":{"line":29,"column":26}},"15":{"start":{"line":33,"column":0},"end":{"line":48,"column":3}},"16":{"start":{"line":34,"column":2},"end":{"line":47,"column":3}},"17":{"start":{"line":35,"column":17},"end":{"line":43,"column":5}},"18":{"start":{"line":44,"column":4},"end":{"line":44,"column":19}},"19":{"start":{"line":46,"column":4},"end":{"line":46,"column":23}},"20":{"start":{"line":50,"column":0},"end":{"line":83,"column":3}},"21":{"start":{"line":51,"column":2},"end":{"line":82,"column":3}},"22":{"start":{"line":52,"column":17},"end":{"line":65,"column":5}},"23":{"start":{"line":67,"column":4},"end":{"line":72,"column":7}},"24":{"start":{"line":68,"column":6},"end":{"line":68,"column":62}},"25":{"start":{"line":69,"column":6},"end":{"line":69,"column":42}},"26":{"start":{"line":70,"column":6},"end":{"line":70,"column":64}},"27":{"start":{"line":71,"column":6},"end":{"line":71,"column":52}},"28":{"start":{"line":73,"column":19},"end":{"line":78,"column":42}},"29":{"start":{"line":74,"column":21},"end":{"line":77,"column":7}},"30":{"start":{"line":78,"column":22},"end":{"line":78,"column":41}},"31":{"start":{"line":79,"column":4},"end":{"line":79,"column":21}},"32":{"start":{"line":81,"column":4},"end":{"line":81,"column":23}},"33":{"start":{"line":85,"column":0},"end":{"line":115,"column":3}},"34":{"start":{"line":86,"column":2},"end":{"line":114,"column":3}},"35":{"start":{"line":87,"column":17},"end":{"line":101,"column":5}},"36":{"start":{"line":102,"column":4},"end":{"line":106,"column":7}},"37":{"start":{"line":103,"column":6},"end":{"line":103,"column":62}},"38":{"start":{"line":104,"column":6},"end":{"line":104,"column":42}},"39":{"start":{"line":105,"column":6},"end":{"line":105,"column":64}},"40":{"start":{"line":107,"column":19},"end":{"line":110,"column":7}},"41":{"start":{"line":107,"column":38},"end":{"line":110,"column":5}},"42":{"start":{"line":111,"column":4},"end":{"line":111,"column":21}},"43":{"start":{"line":113,"column":4},"end":{"line":113,"column":23}},"44":{"start":{"line":117,"column":0},"end":{"line":149,"column":3}},"45":{"start":{"line":118,"column":2},"end":{"line":148,"column":3}},"46":{"start":{"line":119,"column":17},"end":{"line":134,"column":5}},"47":{"start":{"line":136,"column":4},"end":{"line":139,"column":7}},"48":{"start":{"line":137,"column":6},"end":{"line":137,"column":56}},"49":{"start":{"line":138,"column":6},"end":{"line":138,"column":42}},"50":{"start":{"line":140,"column":19},"end":{"line":144,"column":7}},"51":{"start":{"line":140,"column":38},"end":{"line":144,"column":5}},"52":{"start":{"line":145,"column":4},"end":{"line":145,"column":21}},"53":{"start":{"line":147,"column":4},"end":{"line":147,"column":23}},"54":{"start":{"line":151,"column":0},"end":{"line":173,"column":3}},"55":{"start":{"line":152,"column":2},"end":{"line":172,"column":3}},"56":{"start":{"line":153,"column":25},"end":{"line":157,"column":6}},"57":{"start":{"line":158,"column":4},"end":{"line":169,"column":5}},"58":{"start":{"line":159,"column":6},"end":{"line":159,"column":39}},"59":{"start":{"line":160,"column":6},"end":{"line":160,"column":41}},"60":{"start":{"line":162,"column":36},"end":{"line":162,"column":44}},"61":{"start":{"line":163,"column":6},"end":{"line":168,"column":8}},"62":{"start":{"line":171,"column":4},"end":{"line":171,"column":21}},"63":{"start":{"line":175,"column":0},"end":{"line":205,"column":3}},"64":{"start":{"line":176,"column":2},"end":{"line":204,"column":3}},"65":{"start":{"line":177,"column":16},"end":{"line":182,"column":5}},"66":{"start":{"line":183,"column":4},"end":{"line":183,"column":32}},"67":{"start":{"line":184,"column":18},"end":{"line":188,"column":6}},"68":{"start":{"line":189,"column":4},"end":{"line":193,"column":5}},"69":{"start":{"line":190,"column":6},"end":{"line":192,"column":72}},"70":{"start":{"line":194,"column":4},"end":{"line":199,"column":6}},"71":{"start":{"line":201,"column":4},"end":{"line":201,"column":39}},"72":{"start":{"line":203,"column":4},"end":{"line":203,"column":21}},"73":{"start":{"line":208,"column":0},"end":{"line":235,"column":3}},"74":{"start":{"line":209,"column":2},"end":{"line":234,"column":3}},"75":{"start":{"line":210,"column":16},"end":{"line":216,"column":5}},"76":{"start":{"line":217,"column":4},"end":{"line":217,"column":32}},"77":{"start":{"line":220,"column":4},"end":{"line":229,"column":6}},"78":{"start":{"line":231,"column":4},"end":{"line":231,"column":39}},"79":{"start":{"line":233,"column":4},"end":{"line":233,"column":21}},"80":{"start":{"line":237,"column":0},"end":{"line":237,"column":24}}},"fnMap":{"0":{"name":"(anonymous_0)","decl":{"start":{"line":7,"column":21},"end":{"line":7,"column":22}},"loc":{"start":{"line":7,"column":41},"end":{"line":18,"column":1}},"line":7},"1":{"name":"(anonymous_1)","decl":{"start":{"line":20,"column":22},"end":{"line":20,"column":23}},"loc":{"start":{"line":20,"column":42},"end":{"line":31,"column":1}},"line":20},"2":{"name":"(anonymous_2)","decl":{"start":{"line":33,"column":27},"end":{"line":33,"column":28}},"loc":{"start":{"line":33,"column":47},"end":{"line":48,"column":1}},"line":33},"3":{"name":"(anonymous_3)","decl":{"start":{"line":50,"column":32},"end":{"line":50,"column":33}},"loc":{"start":{"line":50,"column":52},"end":{"line":83,"column":1}},"line":50},"4":{"name":"(anonymous_4)","decl":{"start":{"line":67,"column":17},"end":{"line":67,"column":18}},"loc":{"start":{"line":67,"column":28},"end":{"line":72,"column":5}},"line":67},"5":{"name":"(anonymous_5)","decl":{"start":{"line":74,"column":11},"end":{"line":74,"column":12}},"loc":{"start":{"line":74,"column":21},"end":{"line":77,"column":7}},"line":74},"6":{"name":"(anonymous_6)","decl":{"start":{"line":78,"column":12},"end":{"line":78,"column":13}},"loc":{"start":{"line":78,"column":22},"end":{"line":78,"column":41}},"line":78},"7":{"name":"(anonymous_7)","decl":{"start":{"line":85,"column":27},"end":{"line":85,"column":28}},"loc":{"start":{"line":85,"column":47},"end":{"line":115,"column":1}},"line":85},"8":{"name":"(anonymous_8)","decl":{"start":{"line":102,"column":17},"end":{"line":102,"column":18}},"loc":{"start":{"line":102,"column":28},"end":{"line":106,"column":5}},"line":102},"9":{"name":"(anonymous_9)","decl":{"start":{"line":107,"column":28},"end":{"line":107,"column":29}},"loc":{"start":{"line":107,"column":38},"end":{"line":110,"column":5}},"line":107},"10":{"name":"(anonymous_10)","decl":{"start":{"line":117,"column":16},"end":{"line":117,"column":17}},"loc":{"start":{"line":117,"column":36},"end":{"line":149,"column":1}},"line":117},"11":{"name":"(anonymous_11)","decl":{"start":{"line":136,"column":17},"end":{"line":136,"column":18}},"loc":{"start":{"line":136,"column":28},"end":{"line":139,"column":5}},"line":136},"12":{"name":"(anonymous_12)","decl":{"start":{"line":140,"column":28},"end":{"line":140,"column":29}},"loc":{"start":{"line":140,"column":38},"end":{"line":144,"column":5}},"line":140},"13":{"name":"(anonymous_13)","decl":{"start":{"line":151,"column":23},"end":{"line":151,"column":24}},"loc":{"start":{"line":151,"column":43},"end":{"line":173,"column":1}},"line":151},"14":{"name":"(anonymous_14)","decl":{"start":{"line":175,"column":17},"end":{"line":175,"column":18}},"loc":{"start":{"line":175,"column":37},"end":{"line":205,"column":1}},"line":175},"15":{"name":"(anonymous_15)","decl":{"start":{"line":208,"column":18},"end":{"line":208,"column":19}},"loc":{"start":{"line":208,"column":38},"end":{"line":235,"column":1}},"line":208}},"branchMap":{"0":{"loc":{"start":{"line":158,"column":4},"end":{"line":169,"column":5}},"type":"if","locations":[{"start":{"line":158,"column":4},"end":{"line":169,"column":5}},{"start":{"line":158,"column":4},"end":{"line":169,"column":5}}],"line":158},"1":{"loc":{"start":{"line":189,"column":4},"end":{"line":193,"column":5}},"type":"if","locations":[{"start":{"line":189,"column":4},"end":{"line":193,"column":5}},{"start":{"line":189,"column":4},"end":{"line":193,"column":5}}],"line":189},"2":{"loc":{"start":{"line":189,"column":8},"end":{"line":189,"column":67}},"type":"binary-expr","locations":[{"start":{"line":189,"column":8},"end":{"line":189,"column":14}},{"start":{"line":189,"column":18},"end":{"line":189,"column":67}}],"line":189},"3":{"loc":{"start":{"line":222,"column":14},"end":{"line":224,"column":55}},"type":"cond-expr","locations":[{"start":{"line":223,"column":12},"end":{"line":223,"column":64}},{"start":{"line":224,"column":12},"end":{"line":224,"column":55}}],"line":222}},"s":{"0":2,"1":2,"2":2,"3":2,"4":2,"5":2,"6":0,"7":0,"8":0,"9":0,"10":2,"11":0,"12":0,"13":0,"14":0,"15":2,"16":0,"17":0,"18":0,"19":0,"20":2,"21":1,"22":1,"23":1,"24":2,"25":2,"26":2,"27":2,"28":1,"29":2,"30":1,"31":1,"32":0,"33":2,"34":1,"35":1,"36":1,"37":1,"38":1,"39":1,"40":1,"41":1,"42":1,"43":0,"44":2,"45":3,"46":3,"47":3,"48":6,"49":6,"50":3,"51":6,"52":3,"53":0,"54":2,"55":0,"56":0,"57":0,"58":0,"59":0,"60":0,"61":0,"62":0,"63":2,"64":1,"65":1,"66":1,"67":1,"68":1,"69":0,"70":1,"71":1,"72":0,"73":2,"74":1,"75":1,"76":1,"77":1,"78":1,"79":0,"80":2},"f":{"0":0,"1":0,"2":0,"3":1,"4":2,"5":2,"6":1,"7":1,"8":1,"9":1,"10":3,"11":6,"12":6,"13":0,"14":1,"15":1},"b":{"0":[0,0],"1":[0,1],"2":[1,1],"3":[1,0]},"_coverageSchema":"1a1c01bbd47fc00a2c39e90264f33305004495a9","hash":"2f8a076d329173285c62d26d7c17c563bb8464bf"}
,"/home/michael/repos/invest-me/server/api/v1/validation.js": {"path":"/home/michael/repos/invest-me/server/api/v1/validation.js","statementMap":{"0":{"start":{"line":1,"column":12},"end":{"line":1,"column":32}},"1":{"start":{"line":4,"column":27},"end":{"line":16,"column":1}},"2":{"start":{"line":5,"column":17},"end":{"line":12,"column":4}},"3":{"start":{"line":13,"column":21},"end":{"line":13,"column":42}},"4":{"start":{"line":15,"column":2},"end":{"line":15,"column":20}},"5":{"start":{"line":18,"column":24},"end":{"line":24,"column":1}},"6":{"start":{"line":19,"column":17},"end":{"line":22,"column":4}},"7":{"start":{"line":23,"column":2},"end":{"line":23,"column":31}},"8":{"start":{"line":26,"column":0},"end":{"line":26,"column":55}},"9":{"start":{"line":27,"column":0},"end":{"line":27,"column":49}}},"fnMap":{"0":{"name":"(anonymous_0)","decl":{"start":{"line":4,"column":27},"end":{"line":4,"column":28}},"loc":{"start":{"line":4,"column":37},"end":{"line":16,"column":1}},"line":4},"1":{"name":"(anonymous_1)","decl":{"start":{"line":18,"column":24},"end":{"line":18,"column":25}},"loc":{"start":{"line":18,"column":34},"end":{"line":24,"column":1}},"line":18}},"branchMap":{},"s":{"0":2,"1":2,"2":4,"3":4,"4":4,"5":2,"6":4,"7":4,"8":2,"9":2},"f":{"0":4,"1":4},"b":{},"_coverageSchema":"1a1c01bbd47fc00a2c39e90264f33305004495a9","hash":"c1ca8a0e9669580d8df9e5f239e12a0e4c21f857"}
,"/home/michael/repos/invest-me/server/config/config.js": {"path":"/home/michael/repos/invest-me/server/config/config.js","statementMap":{"0":{"start":{"line":1,"column":0},"end":{"line":1,"column":27}},"1":{"start":{"line":3,"column":0},"end":{"line":32,"column":2}}},"fnMap":{},"branchMap":{"0":{"loc":{"start":{"line":5,"column":14},"end":{"line":5,"column":47}},"type":"binary-expr","locations":[{"start":{"line":5,"column":14},"end":{"line":5,"column":37}},{"start":{"line":5,"column":41},"end":{"line":5,"column":47}}],"line":5},"1":{"loc":{"start":{"line":6,"column":14},"end":{"line":6,"column":45}},"type":"binary-expr","locations":[{"start":{"line":6,"column":14},"end":{"line":6,"column":37}},{"start":{"line":6,"column":41},"end":{"line":6,"column":45}}],"line":6},"2":{"loc":{"start":{"line":7,"column":14},"end":{"line":7,"column":46}},"type":"binary-expr","locations":[{"start":{"line":7,"column":14},"end":{"line":7,"column":33}},{"start":{"line":7,"column":37},"end":{"line":7,"column":46}}],"line":7},"3":{"loc":{"start":{"line":8,"column":10},"end":{"line":8,"column":44}},"type":"binary-expr","locations":[{"start":{"line":8,"column":10},"end":{"line":8,"column":29}},{"start":{"line":8,"column":33},"end":{"line":8,"column":44}}],"line":8},"4":{"loc":{"start":{"line":16,"column":14},"end":{"line":16,"column":47}},"type":"binary-expr","locations":[{"start":{"line":16,"column":14},"end":{"line":16,"column":37}},{"start":{"line":16,"column":41},"end":{"line":16,"column":47}}],"line":16},"5":{"loc":{"start":{"line":17,"column":14},"end":{"line":17,"column":45}},"type":"binary-expr","locations":[{"start":{"line":17,"column":14},"end":{"line":17,"column":37}},{"start":{"line":17,"column":41},"end":{"line":17,"column":45}}],"line":17},"6":{"loc":{"start":{"line":18,"column":14},"end":{"line":18,"column":51}},"type":"binary-expr","locations":[{"start":{"line":18,"column":14},"end":{"line":18,"column":33}},{"start":{"line":18,"column":37},"end":{"line":18,"column":51}}],"line":18},"7":{"loc":{"start":{"line":19,"column":10},"end":{"line":19,"column":44}},"type":"binary-expr","locations":[{"start":{"line":19,"column":10},"end":{"line":19,"column":29}},{"start":{"line":19,"column":33},"end":{"line":19,"column":44}}],"line":19},"8":{"loc":{"start":{"line":25,"column":14},"end":{"line":25,"column":47}},"type":"binary-expr","locations":[{"start":{"line":25,"column":14},"end":{"line":25,"column":37}},{"start":{"line":25,"column":41},"end":{"line":25,"column":47}}],"line":25},"9":{"loc":{"start":{"line":26,"column":14},"end":{"line":26,"column":45}},"type":"binary-expr","locations":[{"start":{"line":26,"column":14},"end":{"line":26,"column":37}},{"start":{"line":26,"column":41},"end":{"line":26,"column":45}}],"line":26},"10":{"loc":{"start":{"line":27,"column":14},"end":{"line":27,"column":57}},"type":"binary-expr","locations":[{"start":{"line":27,"column":14},"end":{"line":27,"column":33}},{"start":{"line":27,"column":37},"end":{"line":27,"column":57}}],"line":27},"11":{"loc":{"start":{"line":28,"column":10},"end":{"line":28,"column":44}},"type":"binary-expr","locations":[{"start":{"line":28,"column":10},"end":{"line":28,"column":29}},{"start":{"line":28,"column":33},"end":{"line":28,"column":44}}],"line":28}},"s":{"0":2,"1":2},"f":{},"b":{"0":[2,0],"1":[2,0],"2":[2,0],"3":[2,0],"4":[2,0],"5":[2,0],"6":[2,0],"7":[2,0],"8":[2,0],"9":[2,0],"10":[2,0],"11":[2,0]},"_coverageSchema":"1a1c01bbd47fc00a2c39e90264f33305004495a9","hash":"fca960eb1b694b483364f3379ad7751e7e748b89"}
,"/home/michael/repos/invest-me/server/middelware/checkToken.js": {"path":"/home/michael/repos/invest-me/server/middelware/checkToken.js","statementMap":{"0":{"start":{"line":1,"column":0},"end":{"line":1,"column":27}},"1":{"start":{"line":2,"column":12},"end":{"line":2,"column":35}},"2":{"start":{"line":4,"column":0},"end":{"line":14,"column":2}},"3":{"start":{"line":5,"column":16},"end":{"line":5,"column":57}},"4":{"start":{"line":6,"column":2},"end":{"line":6,"column":80}},"5":{"start":{"line":6,"column":14},"end":{"line":6,"column":80}},"6":{"start":{"line":7,"column":2},"end":{"line":13,"column":3}},"7":{"start":{"line":8,"column":21},"end":{"line":8,"column":71}},"8":{"start":{"line":9,"column":4},"end":{"line":9,"column":24}},"9":{"start":{"line":10,"column":4},"end":{"line":10,"column":11}},"10":{"start":{"line":12,"column":4},"end":{"line":12,"column":62}}},"fnMap":{"0":{"name":"(anonymous_0)","decl":{"start":{"line":4,"column":17},"end":{"line":4,"column":18}},"loc":{"start":{"line":4,"column":37},"end":{"line":14,"column":1}},"line":4}},"branchMap":{"0":{"loc":{"start":{"line":6,"column":2},"end":{"line":6,"column":80}},"type":"if","locations":[{"start":{"line":6,"column":2},"end":{"line":6,"column":80}},{"start":{"line":6,"column":2},"end":{"line":6,"column":80}}],"line":6}},"s":{"0":2,"1":2,"2":2,"3":9,"4":9,"5":0,"6":9,"7":9,"8":8,"9":8,"10":1},"f":{"0":9},"b":{"0":[0,9]},"_coverageSchema":"1a1c01bbd47fc00a2c39e90264f33305004495a9","hash":"b21ae7af8e5d09a7c87139767acd856ad2d6ca9d"}
,"/home/michael/repos/invest-me/server/middelware/morgan.js": {"path":"/home/michael/repos/invest-me/server/middelware/morgan.js","statementMap":{"0":{"start":{"line":1,"column":15},"end":{"line":1,"column":32}},"1":{"start":{"line":3,"column":0},"end":{"line":10,"column":3}},"2":{"start":{"line":4,"column":17},"end":{"line":8,"column":44}},"3":{"start":{"line":9,"column":2},"end":{"line":9,"column":26}}},"fnMap":{"0":{"name":"(anonymous_0)","decl":{"start":{"line":3,"column":24},"end":{"line":3,"column":25}},"loc":{"start":{"line":3,"column":46},"end":{"line":10,"column":1}},"line":3}},"branchMap":{},"s":{"0":2,"1":2,"2":19,"3":19},"f":{"0":19},"b":{},"_coverageSchema":"1a1c01bbd47fc00a2c39e90264f33305004495a9","hash":"4bdb30784349d14c5ada4375685f83d3fc64e8b4"}
,"/home/michael/repos/invest-me/server/models/bigstockdata.js": {"path":"/home/michael/repos/invest-me/server/models/bigstockdata.js","statementMap":{"0":{"start":{"line":4,"column":4},"end":{"line":4,"column":24}},"1":{"start":{"line":5,"column":0},"end":{"line":43,"column":2}},"2":{"start":{"line":16,"column":2},"end":{"line":41,"column":5}},"3":{"start":{"line":42,"column":2},"end":{"line":42,"column":22}}},"fnMap":{"0":{"name":"(anonymous_0)","decl":{"start":{"line":5,"column":17},"end":{"line":5,"column":18}},"loc":{"start":{"line":5,"column":43},"end":{"line":43,"column":1}},"line":5},"1":{"name":"(anonymous_1)","decl":{"start":{"line":12,"column":4},"end":{"line":12,"column":5}},"loc":{"start":{"line":12,"column":29},"end":{"line":14,"column":5}},"line":12}},"branchMap":{},"s":{"0":2,"1":2,"2":2,"3":2},"f":{"0":2,"1":2},"b":{},"_coverageSchema":"1a1c01bbd47fc00a2c39e90264f33305004495a9","hash":"c46238ec69777defc3f5cfaa11def9a05a2287c6"}
,"/home/michael/repos/invest-me/server/models/index.js": {"path":"/home/michael/repos/invest-me/server/models/index.js","statementMap":{"0":{"start":{"line":1,"column":11},"end":{"line":1,"column":24}},"1":{"start":{"line":2,"column":13},"end":{"line":2,"column":28}},"2":{"start":{"line":3,"column":18},"end":{"line":3,"column":38}},"3":{"start":{"line":5,"column":17},"end":{"line":5,"column":42}},"4":{"start":{"line":6,"column":12},"end":{"line":6,"column":49}},"5":{"start":{"line":7,"column":15},"end":{"line":7,"column":63}},"6":{"start":{"line":8,"column":11},"end":{"line":8,"column":13}},"7":{"start":{"line":11,"column":0},"end":{"line":15,"column":1}},"8":{"start":{"line":12,"column":2},"end":{"line":12,"column":74}},"9":{"start":{"line":14,"column":2},"end":{"line":14,"column":87}},"10":{"start":{"line":17,"column":0},"end":{"line":23,"column":5}},"11":{"start":{"line":19,"column":20},"end":{"line":19,"column":98}},"12":{"start":{"line":21,"column":18},"end":{"line":21,"column":85}},"13":{"start":{"line":22,"column":4},"end":{"line":22,"column":27}},"14":{"start":{"line":25,"column":0},"end":{"line":29,"column":3}},"15":{"start":{"line":26,"column":2},"end":{"line":28,"column":3}},"16":{"start":{"line":27,"column":4},"end":{"line":27,"column":32}},"17":{"start":{"line":31,"column":0},"end":{"line":31,"column":25}},"18":{"start":{"line":32,"column":0},"end":{"line":32,"column":25}},"19":{"start":{"line":34,"column":0},"end":{"line":34,"column":20}}},"fnMap":{"0":{"name":"(anonymous_0)","decl":{"start":{"line":19,"column":10},"end":{"line":19,"column":11}},"loc":{"start":{"line":19,"column":20},"end":{"line":19,"column":98}},"line":19},"1":{"name":"(anonymous_1)","decl":{"start":{"line":20,"column":11},"end":{"line":20,"column":12}},"loc":{"start":{"line":20,"column":21},"end":{"line":23,"column":3}},"line":20},"2":{"name":"(anonymous_2)","decl":{"start":{"line":25,"column":24},"end":{"line":25,"column":25}},"loc":{"start":{"line":25,"column":39},"end":{"line":29,"column":1}},"line":25}},"branchMap":{"0":{"loc":{"start":{"line":6,"column":12},"end":{"line":6,"column":49}},"type":"binary-expr","locations":[{"start":{"line":6,"column":12},"end":{"line":6,"column":32}},{"start":{"line":6,"column":36},"end":{"line":6,"column":49}}],"line":6},"1":{"loc":{"start":{"line":11,"column":0},"end":{"line":15,"column":1}},"type":"if","locations":[{"start":{"line":11,"column":0},"end":{"line":15,"column":1}},{"start":{"line":11,"column":0},"end":{"line":15,"column":1}}],"line":11},"2":{"loc":{"start":{"line":19,"column":20},"end":{"line":19,"column":98}},"type":"binary-expr","locations":[{"start":{"line":19,"column":21},"end":{"line":19,"column":44}},{"start":{"line":19,"column":50},"end":{"line":19,"column":67}},{"start":{"line":19,"column":73},"end":{"line":19,"column":97}}],"line":19},"3":{"loc":{"start":{"line":26,"column":2},"end":{"line":28,"column":3}},"type":"if","locations":[{"start":{"line":26,"column":2},"end":{"line":28,"column":3}},{"start":{"line":26,"column":2},"end":{"line":28,"column":3}}],"line":26}},"s":{"0":2,"1":2,"2":2,"3":2,"4":2,"5":2,"6":2,"7":2,"8":0,"9":2,"10":2,"11":18,"12":16,"13":16,"14":2,"15":16,"16":16,"17":2,"18":2,"19":2},"f":{"0":18,"1":16,"2":16},"b":{"0":[2,0],"1":[0,2],"2":[18,18,16],"3":[16,0]},"_coverageSchema":"1a1c01bbd47fc00a2c39e90264f33305004495a9","hash":"84a3ace0566940afa818d35a75ae9e0f38371666"}
,"/home/michael/repos/invest-me/server/models/refreshtoken.js": {"path":"/home/michael/repos/invest-me/server/models/refreshtoken.js","statementMap":{"0":{"start":{"line":4,"column":4},"end":{"line":4,"column":24}},"1":{"start":{"line":5,"column":0},"end":{"line":25,"column":2}},"2":{"start":{"line":13,"column":6},"end":{"line":15,"column":9}},"3":{"start":{"line":17,"column":2},"end":{"line":23,"column":5}},"4":{"start":{"line":24,"column":2},"end":{"line":24,"column":22}}},"fnMap":{"0":{"name":"(anonymous_0)","decl":{"start":{"line":5,"column":17},"end":{"line":5,"column":18}},"loc":{"start":{"line":5,"column":43},"end":{"line":25,"column":1}},"line":5},"1":{"name":"(anonymous_1)","decl":{"start":{"line":12,"column":4},"end":{"line":12,"column":5}},"loc":{"start":{"line":12,"column":29},"end":{"line":15,"column":14}},"line":12}},"branchMap":{},"s":{"0":2,"1":2,"2":2,"3":2,"4":2},"f":{"0":2,"1":2},"b":{},"_coverageSchema":"1a1c01bbd47fc00a2c39e90264f33305004495a9","hash":"de18906526fb41ab978785674c6df9e0ce1e26be"}
,"/home/michael/repos/invest-me/server/models/stock.js": {"path":"/home/michael/repos/invest-me/server/models/stock.js","statementMap":{"0":{"start":{"line":2,"column":18},"end":{"line":2,"column":38}},"1":{"start":{"line":3,"column":0},"end":{"line":33,"column":2}},"2":{"start":{"line":11,"column":6},"end":{"line":13,"column":9}},"3":{"start":{"line":14,"column":6},"end":{"line":16,"column":9}},"4":{"start":{"line":19,"column":2},"end":{"line":31,"column":4}},"5":{"start":{"line":32,"column":2},"end":{"line":32,"column":15}}},"fnMap":{"0":{"name":"(anonymous_0)","decl":{"start":{"line":3,"column":17},"end":{"line":3,"column":18}},"loc":{"start":{"line":3,"column":43},"end":{"line":33,"column":1}},"line":3},"1":{"name":"(anonymous_1)","decl":{"start":{"line":10,"column":4},"end":{"line":10,"column":5}},"loc":{"start":{"line":10,"column":29},"end":{"line":17,"column":5}},"line":10}},"branchMap":{},"s":{"0":2,"1":2,"2":2,"3":2,"4":2,"5":2},"f":{"0":2,"1":2},"b":{},"_coverageSchema":"1a1c01bbd47fc00a2c39e90264f33305004495a9","hash":"c02c790de3c27d65cec9e586f888fb1416825c7b"}
,"/home/michael/repos/invest-me/server/models/stockhistory.js": {"path":"/home/michael/repos/invest-me/server/models/stockhistory.js","statementMap":{"0":{"start":{"line":4,"column":4},"end":{"line":4,"column":24}},"1":{"start":{"line":5,"column":0},"end":{"line":24,"column":2}},"2":{"start":{"line":16,"column":2},"end":{"line":22,"column":5}},"3":{"start":{"line":23,"column":2},"end":{"line":23,"column":22}}},"fnMap":{"0":{"name":"(anonymous_0)","decl":{"start":{"line":5,"column":17},"end":{"line":5,"column":18}},"loc":{"start":{"line":5,"column":43},"end":{"line":24,"column":1}},"line":5},"1":{"name":"(anonymous_1)","decl":{"start":{"line":12,"column":4},"end":{"line":12,"column":5}},"loc":{"start":{"line":12,"column":29},"end":{"line":14,"column":5}},"line":12}},"branchMap":{},"s":{"0":2,"1":2,"2":2,"3":2},"f":{"0":2,"1":2},"b":{},"_coverageSchema":"1a1c01bbd47fc00a2c39e90264f33305004495a9","hash":"3d5be5c764ea3334ed74e71854d478f47471981e"}
,"/home/michael/repos/invest-me/server/models/summary.js": {"path":"/home/michael/repos/invest-me/server/models/summary.js","statementMap":{"0":{"start":{"line":4,"column":4},"end":{"line":4,"column":24}},"1":{"start":{"line":5,"column":0},"end":{"line":29,"column":2}},"2":{"start":{"line":16,"column":2},"end":{"line":27,"column":5}},"3":{"start":{"line":28,"column":2},"end":{"line":28,"column":17}}},"fnMap":{"0":{"name":"(anonymous_0)","decl":{"start":{"line":5,"column":17},"end":{"line":5,"column":18}},"loc":{"start":{"line":5,"column":43},"end":{"line":29,"column":1}},"line":5},"1":{"name":"(anonymous_1)","decl":{"start":{"line":12,"column":4},"end":{"line":12,"column":5}},"loc":{"start":{"line":12,"column":29},"end":{"line":14,"column":5}},"line":12}},"branchMap":{},"s":{"0":2,"1":2,"2":2,"3":2},"f":{"0":2,"1":2},"b":{},"_coverageSchema":"1a1c01bbd47fc00a2c39e90264f33305004495a9","hash":"399fb66e8f68b36d75448b9a86c37c919e3e334c"}
,"/home/michael/repos/invest-me/server/models/user.js": {"path":"/home/michael/repos/invest-me/server/models/user.js","statementMap":{"0":{"start":{"line":2,"column":18},"end":{"line":2,"column":38}},"1":{"start":{"line":3,"column":0},"end":{"line":44,"column":2}},"2":{"start":{"line":11,"column":6},"end":{"line":13,"column":9}},"3":{"start":{"line":14,"column":6},"end":{"line":16,"column":9}},"4":{"start":{"line":17,"column":6},"end":{"line":19,"column":9}},"5":{"start":{"line":22,"column":2},"end":{"line":42,"column":4}},"6":{"start":{"line":43,"column":2},"end":{"line":43,"column":14}}},"fnMap":{"0":{"name":"(anonymous_0)","decl":{"start":{"line":3,"column":17},"end":{"line":3,"column":18}},"loc":{"start":{"line":3,"column":43},"end":{"line":44,"column":1}},"line":3},"1":{"name":"(anonymous_1)","decl":{"start":{"line":10,"column":4},"end":{"line":10,"column":5}},"loc":{"start":{"line":10,"column":29},"end":{"line":20,"column":5}},"line":10}},"branchMap":{},"s":{"0":2,"1":2,"2":2,"3":2,"4":2,"5":2,"6":2},"f":{"0":2,"1":2},"b":{},"_coverageSchema":"1a1c01bbd47fc00a2c39e90264f33305004495a9","hash":"759a85a06ac3de7b24199c4e26107dc436df003b"}
,"/home/michael/repos/invest-me/server/models/usermoney.js": {"path":"/home/michael/repos/invest-me/server/models/usermoney.js","statementMap":{"0":{"start":{"line":2,"column":18},"end":{"line":2,"column":38}},"1":{"start":{"line":3,"column":0},"end":{"line":27,"column":2}},"2":{"start":{"line":11,"column":6},"end":{"line":13,"column":9}},"3":{"start":{"line":16,"column":2},"end":{"line":25,"column":4}},"4":{"start":{"line":26,"column":2},"end":{"line":26,"column":19}}},"fnMap":{"0":{"name":"(anonymous_0)","decl":{"start":{"line":3,"column":17},"end":{"line":3,"column":18}},"loc":{"start":{"line":3,"column":43},"end":{"line":27,"column":1}},"line":3},"1":{"name":"(anonymous_1)","decl":{"start":{"line":10,"column":4},"end":{"line":10,"column":5}},"loc":{"start":{"line":10,"column":29},"end":{"line":14,"column":5}},"line":10}},"branchMap":{},"s":{"0":2,"1":2,"2":2,"3":2,"4":2},"f":{"0":2,"1":2},"b":{},"_coverageSchema":"1a1c01bbd47fc00a2c39e90264f33305004495a9","hash":"b253890b6c8e9247e1a70b31681eea0df195f9c1"}
,"/home/michael/repos/invest-me/server/models/userstock.js": {"path":"/home/michael/repos/invest-me/server/models/userstock.js","statementMap":{"0":{"start":{"line":2,"column":18},"end":{"line":2,"column":38}},"1":{"start":{"line":3,"column":0},"end":{"line":35,"column":2}},"2":{"start":{"line":11,"column":6},"end":{"line":13,"column":9}},"3":{"start":{"line":14,"column":6},"end":{"line":16,"column":9}},"4":{"start":{"line":19,"column":2},"end":{"line":33,"column":4}},"5":{"start":{"line":34,"column":2},"end":{"line":34,"column":19}}},"fnMap":{"0":{"name":"(anonymous_0)","decl":{"start":{"line":3,"column":17},"end":{"line":3,"column":18}},"loc":{"start":{"line":3,"column":43},"end":{"line":35,"column":1}},"line":3},"1":{"name":"(anonymous_1)","decl":{"start":{"line":10,"column":4},"end":{"line":10,"column":5}},"loc":{"start":{"line":10,"column":29},"end":{"line":17,"column":5}},"line":10}},"branchMap":{},"s":{"0":2,"1":2,"2":2,"3":2,"4":2,"5":2},"f":{"0":2,"1":2},"b":{},"_coverageSchema":"1a1c01bbd47fc00a2c39e90264f33305004495a9","hash":"3994e900a376fbf3e8d239fdadb511c551b74d9f"}
,"/home/michael/repos/invest-me/server/tests/mocks/allStocksReduced.js": {"path":"/home/michael/repos/invest-me/server/tests/mocks/allStocksReduced.js","statementMap":{"0":{"start":{"line":1,"column":0},"end":{"line":4069,"column":4}}},"fnMap":{},"branchMap":{},"s":{"0":1},"f":{},"b":{},"_coverageSchema":"1a1c01bbd47fc00a2c39e90264f33305004495a9","hash":"21b798b757e1cd2e446a2cca82d1f4803435c1a9"}
,"/home/michael/repos/invest-me/server/tests/mocks/transactionsMock.js": {"path":"/home/michael/repos/invest-me/server/tests/mocks/transactionsMock.js","statementMap":{"0":{"start":{"line":1,"column":22},"end":{"line":73,"column":1}},"1":{"start":{"line":75,"column":20},"end":{"line":104,"column":1}},"2":{"start":{"line":106,"column":0},"end":{"line":106,"column":45}},"3":{"start":{"line":107,"column":0},"end":{"line":107,"column":41}}},"fnMap":{},"branchMap":{},"s":{"0":1,"1":1,"2":1,"3":1},"f":{},"b":{},"_coverageSchema":"1a1c01bbd47fc00a2c39e90264f33305004495a9","hash":"5d48cbb4bb0c1776c8d5e141d3250d27a281c458"}
,"/home/michael/repos/invest-me/server/tests/mocks/userMoney.js": {"path":"/home/michael/repos/invest-me/server/tests/mocks/userMoney.js","statementMap":{"0":{"start":{"line":1,"column":0},"end":{"line":10,"column":2}}},"fnMap":{},"branchMap":{},"s":{"0":1},"f":{},"b":{},"_coverageSchema":"1a1c01bbd47fc00a2c39e90264f33305004495a9","hash":"da208f22df4d26044fd9bbd7dab64edf151bddab"}
,"/home/michael/repos/invest-me/server/tests/mocks/usersMock.js": {"path":"/home/michael/repos/invest-me/server/tests/mocks/usersMock.js","statementMap":{"0":{"start":{"line":1,"column":17},"end":{"line":39,"column":1}},"1":{"start":{"line":41,"column":25},"end":{"line":83,"column":1}},"2":{"start":{"line":85,"column":19},"end":{"line":88,"column":1}},"3":{"start":{"line":90,"column":0},"end":{"line":90,"column":51}},"4":{"start":{"line":91,"column":0},"end":{"line":91,"column":34}},"5":{"start":{"line":92,"column":0},"end":{"line":92,"column":39}}},"fnMap":{},"branchMap":{},"s":{"0":2,"1":2,"2":2,"3":2,"4":2,"5":2},"f":{},"b":{},"_coverageSchema":"1a1c01bbd47fc00a2c39e90264f33305004495a9","hash":"c32f790a460ff2c8850619feb592c02acf9b3395"}
}
