TN:
SF:app.js
FNF:0
FNH:0
DA:1,2
DA:2,2
DA:3,2
DA:4,2
DA:7,2
DA:8,2
DA:10,2
DA:12,2
DA:14,2
DA:16,2
LF:10
LH:10
BRF:0
BRH:0
end_of_record
TN:
SF:api/index.js
FNF:0
FNH:0
DA:1,2
DA:3,2
DA:5,2
LF:3
LH:3
BRF:0
BRH:0
end_of_record
TN:
SF:api/v1/auth.js
FN:9,generateToken
FN:13,(anonymous_1)
FN:29,(anonymous_2)
FN:33,(anonymous_3)
FN:46,(anonymous_4)
FN:64,(anonymous_5)
FN:130,(anonymous_6)
FNF:7
FNH:7
FNDA:4,generateToken
FNDA:1,(anonymous_1)
FNDA:1,(anonymous_2)
FNDA:1,(anonymous_3)
FNDA:1,(anonymous_4)
FNDA:4,(anonymous_5)
FNDA:4,(anonymous_6)
DA:1,2
DA:2,2
DA:3,2
DA:4,2
DA:5,2
DA:6,2
DA:7,2
DA:10,4
DA:13,2
DA:14,1
DA:15,1
DA:20,1
DA:21,0
DA:22,1
DA:24,0
DA:25,0
DA:29,2
DA:30,1
DA:33,2
DA:34,1
DA:35,1
DA:36,1
DA:41,1
DA:42,0
DA:43,1
DA:47,1
DA:48,0
DA:49,0
DA:51,1
DA:52,1
DA:53,1
DA:54,1
DA:55,1
DA:59,0
DA:60,0
DA:64,2
DA:65,4
DA:66,4
DA:67,4
DA:68,0
DA:70,4
DA:75,4
DA:76,1
DA:78,3
DA:86,3
DA:87,3
DA:88,0
DA:90,3
DA:91,3
DA:92,3
DA:96,3
DA:102,3
DA:103,1
DA:108,2
DA:118,3
DA:119,3
DA:120,3
DA:121,3
DA:122,3
DA:125,0
DA:126,0
DA:130,2
DA:131,4
DA:132,4
DA:133,4
DA:134,1
DA:136,3
DA:141,3
DA:142,1
DA:144,2
DA:149,2
DA:150,1
DA:153,1
DA:154,1
DA:155,1
DA:164,1
DA:166,0
DA:167,0
DA:171,2
LF:79
LH:65
BRDA:20,0,0,0
BRDA:20,0,1,1
BRDA:41,1,0,0
BRDA:41,1,1,1
BRDA:47,2,0,0
BRDA:47,2,1,1
BRDA:67,3,0,0
BRDA:67,3,1,4
BRDA:75,4,0,1
BRDA:75,4,1,3
BRDA:87,5,0,0
BRDA:87,5,1,3
BRDA:102,6,0,1
BRDA:102,6,1,2
BRDA:133,7,0,1
BRDA:133,7,1,3
BRDA:141,8,0,1
BRDA:141,8,1,2
BRDA:149,9,0,1
BRDA:149,9,1,1
BRDA:162,10,0,0
BRDA:162,10,1,1
BRF:22
BRH:16
end_of_record
TN:
SF:api/v1/index.js
FN:6,(anonymous_0)
FNF:1
FNH:0
FNDA:0,(anonymous_0)
DA:1,2
DA:2,2
DA:3,2
DA:4,2
DA:6,2
DA:7,0
DA:22,2
DA:23,2
DA:24,2
DA:26,2
DA:28,2
LF:11
LH:10
BRF:0
BRH:0
end_of_record
TN:
SF:api/v1/stocks.js
FN:6,(anonymous_0)
FN:19,(anonymous_1)
FN:31,(anonymous_2)
FN:48,(anonymous_3)
FN:57,(anonymous_4)
FN:66,(anonymous_5)
FN:70,(anonymous_6)
FN:84,(anonymous_7)
FNF:8
FNH:0
FNDA:0,(anonymous_0)
FNDA:0,(anonymous_1)
FNDA:0,(anonymous_2)
FNDA:0,(anonymous_3)
FNDA:0,(anonymous_4)
FNDA:0,(anonymous_5)
FNDA:0,(anonymous_6)
FNDA:0,(anonymous_7)
DA:1,2
DA:2,2
DA:3,2
DA:4,2
DA:6,2
DA:7,0
DA:9,0
DA:10,0
DA:12,0
DA:13,0
DA:19,2
DA:20,0
DA:21,0
DA:22,0
DA:23,0
DA:24,0
DA:25,0
DA:27,0
DA:31,2
DA:32,0
DA:33,0
DA:34,0
DA:42,0
DA:44,0
DA:48,2
DA:49,0
DA:50,0
DA:51,0
DA:53,0
DA:57,2
DA:58,0
DA:59,0
DA:60,0
DA:62,0
DA:66,2
DA:67,0
DA:68,0
DA:69,0
DA:71,0
DA:78,0
DA:80,0
DA:84,2
DA:85,0
DA:86,0
DA:87,0
DA:90,0
DA:95,0
DA:111,0
DA:113,0
DA:117,2
LF:50
LH:12
BRDA:71,0,0,0
BRDA:71,0,1,0
BRDA:71,0,2,0
BRDA:71,0,3,0
BRDA:71,0,4,0
BRDA:71,0,5,0
BRF:6
BRH:0
end_of_record
TN:
SF:api/v1/transactions.js
FN:7,(anonymous_0)
FN:20,(anonymous_1)
FN:33,(anonymous_2)
FN:50,(anonymous_3)
FN:67,(anonymous_4)
FN:74,(anonymous_5)
FN:78,(anonymous_6)
FN:85,(anonymous_7)
FN:102,(anonymous_8)
FN:107,(anonymous_9)
FN:117,(anonymous_10)
FN:136,(anonymous_11)
FN:140,(anonymous_12)
FN:151,(anonymous_13)
FN:175,(anonymous_14)
FN:208,(anonymous_15)
FNF:16
FNH:12
FNDA:0,(anonymous_0)
FNDA:0,(anonymous_1)
FNDA:0,(anonymous_2)
FNDA:1,(anonymous_3)
FNDA:2,(anonymous_4)
FNDA:2,(anonymous_5)
FNDA:1,(anonymous_6)
FNDA:1,(anonymous_7)
FNDA:1,(anonymous_8)
FNDA:1,(anonymous_9)
FNDA:3,(anonymous_10)
FNDA:6,(anonymous_11)
FNDA:6,(anonymous_12)
FNDA:0,(anonymous_13)
FNDA:1,(anonymous_14)
FNDA:1,(anonymous_15)
DA:1,2
DA:2,2
DA:3,2
DA:4,2
DA:5,2
DA:7,2
DA:8,0
DA:9,0
DA:14,0
DA:16,0
DA:20,2
DA:21,0
DA:22,0
DA:27,0
DA:29,0
DA:33,2
DA:34,0
DA:35,0
DA:44,0
DA:46,0
DA:50,2
DA:51,1
DA:52,1
DA:67,1
DA:68,2
DA:69,2
DA:70,2
DA:71,2
DA:73,1
DA:74,2
DA:78,1
DA:79,1
DA:81,0
DA:85,2
DA:86,1
DA:87,1
DA:102,1
DA:103,1
DA:104,1
DA:105,1
DA:107,1
DA:111,1
DA:113,0
DA:117,2
DA:118,3
DA:119,3
DA:136,3
DA:137,6
DA:138,6
DA:140,6
DA:145,3
DA:147,0
DA:151,2
DA:152,0
DA:153,0
DA:158,0
DA:159,0
DA:160,0
DA:162,0
DA:163,0
DA:171,0
DA:175,2
DA:176,1
DA:177,1
DA:183,1
DA:184,1
DA:189,1
DA:190,0
DA:194,1
DA:201,1
DA:203,0
DA:208,2
DA:209,1
DA:210,1
DA:217,1
DA:220,1
DA:231,1
DA:233,0
DA:237,2
LF:79
LH:53
BRDA:158,0,0,0
BRDA:158,0,1,0
BRDA:189,1,0,0
BRDA:189,1,1,1
BRDA:189,2,0,1
BRDA:189,2,1,1
BRDA:222,3,0,1
BRDA:222,3,1,0
BRF:8
BRH:4
end_of_record
TN:
SF:api/v1/validation.js
FN:4,(anonymous_0)
FN:18,(anonymous_1)
FNF:2
FNH:2
FNDA:4,(anonymous_0)
FNDA:4,(anonymous_1)
DA:1,2
DA:4,2
DA:5,4
DA:13,4
DA:15,4
DA:18,2
DA:19,4
DA:23,4
DA:26,2
DA:27,2
LF:10
LH:10
BRF:0
BRH:0
end_of_record
TN:
SF:config/config.js
FNF:0
FNH:0
DA:1,2
DA:3,2
LF:2
LH:2
BRDA:5,0,0,2
BRDA:5,0,1,0
BRDA:6,1,0,2
BRDA:6,1,1,0
BRDA:7,2,0,2
BRDA:7,2,1,0
BRDA:8,3,0,2
BRDA:8,3,1,0
BRDA:16,4,0,2
BRDA:16,4,1,0
BRDA:17,5,0,2
BRDA:17,5,1,0
BRDA:18,6,0,2
BRDA:18,6,1,0
BRDA:19,7,0,2
BRDA:19,7,1,0
BRDA:25,8,0,2
BRDA:25,8,1,0
BRDA:26,9,0,2
BRDA:26,9,1,0
BRDA:27,10,0,2
BRDA:27,10,1,0
BRDA:28,11,0,2
BRDA:28,11,1,0
BRF:24
BRH:12
end_of_record
TN:
SF:middelware/checkToken.js
FN:4,(anonymous_0)
FNF:1
FNH:1
FNDA:9,(anonymous_0)
DA:1,2
DA:2,2
DA:4,2
DA:5,9
DA:6,9
DA:7,9
DA:8,9
DA:9,8
DA:10,8
DA:12,1
LF:10
LH:10
BRDA:6,0,0,0
BRDA:6,0,1,9
BRF:2
BRH:1
end_of_record
TN:
SF:middelware/morgan.js
FN:3,(anonymous_0)
FNF:1
FNH:1
FNDA:19,(anonymous_0)
DA:1,2
DA:3,2
DA:4,19
DA:9,19
LF:4
LH:4
BRF:0
BRH:0
end_of_record
TN:
SF:models/bigstockdata.js
FN:5,(anonymous_0)
FN:12,(anonymous_1)
FNF:2
FNH:2
FNDA:2,(anonymous_0)
FNDA:2,(anonymous_1)
DA:4,2
DA:5,2
DA:16,2
DA:42,2
LF:4
LH:4
BRF:0
BRH:0
end_of_record
TN:
SF:models/index.js
FN:19,(anonymous_0)
FN:20,(anonymous_1)
FN:25,(anonymous_2)
FNF:3
FNH:3
FNDA:18,(anonymous_0)
FNDA:16,(anonymous_1)
FNDA:16,(anonymous_2)
DA:1,2
DA:2,2
DA:3,2
DA:5,2
DA:6,2
DA:7,2
DA:8,2
DA:11,2
DA:12,0
DA:14,2
DA:17,2
DA:19,18
DA:21,16
DA:22,16
DA:25,2
DA:26,16
DA:27,16
DA:31,2
DA:32,2
DA:34,2
LF:20
LH:19
BRDA:6,0,0,2
BRDA:6,0,1,0
BRDA:11,1,0,0
BRDA:11,1,1,2
BRDA:19,2,0,18
BRDA:19,2,1,18
BRDA:19,2,2,16
BRDA:26,3,0,16
BRDA:26,3,1,0
BRF:9
BRH:6
end_of_record
TN:
SF:models/refreshtoken.js
FN:5,(anonymous_0)
FN:12,(anonymous_1)
FNF:2
FNH:2
FNDA:2,(anonymous_0)
FNDA:2,(anonymous_1)
DA:4,2
DA:5,2
DA:13,2
DA:17,2
DA:24,2
LF:5
LH:5
BRF:0
BRH:0
end_of_record
TN:
SF:models/stock.js
FN:3,(anonymous_0)
FN:10,(anonymous_1)
FNF:2
FNH:2
FNDA:2,(anonymous_0)
FNDA:2,(anonymous_1)
DA:2,2
DA:3,2
DA:11,2
DA:14,2
DA:19,2
DA:32,2
LF:6
LH:6
BRF:0
BRH:0
end_of_record
TN:
SF:models/stockhistory.js
FN:5,(anonymous_0)
FN:12,(anonymous_1)
FNF:2
FNH:2
FNDA:2,(anonymous_0)
FNDA:2,(anonymous_1)
DA:4,2
DA:5,2
DA:16,2
DA:23,2
LF:4
LH:4
BRF:0
BRH:0
end_of_record
TN:
SF:models/summary.js
FN:5,(anonymous_0)
FN:12,(anonymous_1)
FNF:2
FNH:2
FNDA:2,(anonymous_0)
FNDA:2,(anonymous_1)
DA:4,2
DA:5,2
DA:16,2
DA:28,2
LF:4
LH:4
BRF:0
BRH:0
end_of_record
TN:
SF:models/user.js
FN:3,(anonymous_0)
FN:10,(anonymous_1)
FNF:2
FNH:2
FNDA:2,(anonymous_0)
FNDA:2,(anonymous_1)
DA:2,2
DA:3,2
DA:11,2
DA:14,2
DA:17,2
DA:22,2
DA:43,2
LF:7
LH:7
BRF:0
BRH:0
end_of_record
TN:
SF:models/usermoney.js
FN:3,(anonymous_0)
FN:10,(anonymous_1)
FNF:2
FNH:2
FNDA:2,(anonymous_0)
FNDA:2,(anonymous_1)
DA:2,2
DA:3,2
DA:11,2
DA:16,2
DA:26,2
LF:5
LH:5
BRF:0
BRH:0
end_of_record
TN:
SF:models/userstock.js
FN:3,(anonymous_0)
FN:10,(anonymous_1)
FNF:2
FNH:2
FNDA:2,(anonymous_0)
FNDA:2,(anonymous_1)
DA:2,2
DA:3,2
DA:11,2
DA:14,2
DA:20,2
DA:51,2
LF:6
LH:6
BRF:0
BRH:0
end_of_record
TN:
SF:tests/mocks/allStocksReduced.js
FNF:0
FNH:0
DA:1,1
LF:1
LH:1
BRF:0
BRH:0
end_of_record
TN:
SF:tests/mocks/transactionsMock.js
FNF:0
FNH:0
DA:1,1
DA:75,1
DA:106,1
DA:107,1
LF:4
LH:4
BRF:0
BRH:0
end_of_record
TN:
SF:tests/mocks/userMoney.js
FNF:0
FNH:0
DA:1,1
LF:1
LH:1
BRF:0
BRH:0
end_of_record
TN:
SF:tests/mocks/usersMock.js
FNF:0
FNH:0
DA:1,2
DA:41,2
DA:85,2
DA:90,2
DA:91,2
DA:92,2
LF:6
LH:6
BRF:0
BRH:0
end_of_record
